<?xml version="1.0" encoding="UTF-8"?>
<!--
  Copyright (C) 2013 HealthCare IT, Inc. - All Rights Reserved
  Unauthorized copying or redistribution of this file in source and binary forms via any medium is strictly prohibited
  Proprietary and confidential
-->
<beans xmlns="http://www.springframework.org/schema/beans"
	xmlns:xsi="http://www.w3.org/2001/XMLSchema-instance"
	xmlns:context="http://www.springframework.org/schema/context"
	xmlns:tx="http://www.springframework.org/schema/tx"
	xsi:schemaLocation="
		http://www.springframework.org/schema/beans	http://www.springframework.org/schema/beans/spring-beans-3.0.xsd
		http://www.springframework.org/schema/tx http://www.springframework.org/schema/tx/spring-tx-3.0.xsd
		http://www.springframework.org/schema/context http://www.springframework.org/schema/context/spring-context-3.0.xsd">

	<bean id="messageSource"
		class="org.springframework.context.support.ResourceBundleMessageSource">
		<property name="basename" value="messages" />
	</bean>

	<bean id="messageSourceHCIT"
		class="com.healthcit.cacure.utils.ResourceBundleMessageSource">
		 <property name="fileName"  value="messages.properties" />

	</bean>

	<bean id="propertyConfigurer"  class="org.springframework.beans.factory.config.PropertyPlaceholderConfigurer">
        <property name="location"  value="classpath:test-caCURE-FB.properties" />
    </bean>


	<!-- Scans within the base package of the application for @Components to configure as beans -->
	<context:component-scan base-package="com.healthcit.cacure">
        <context:exclude-filter type="regex" expression=".*\.web\..*"/>
     </context:component-scan>

	<!--  JPA Support: context:annotation-config automatically initializes post processors -->
	<!-- bean class="org.springframework.orm.jpa.support.PersistenceAnnotationBeanPostProcessor" / -->

	<!--  The data source -->
	<bean id="dataSource"
	    class="org.springframework.jdbc.datasource.DriverManagerDataSource">
	    <property name="url">
	    <property name="driverClassName" value="org.postgresql.Driver" />
	    	<value>jdbc:postgresql://${jpa.connection.host}:${jpa.connection.port}/${jpa.schema}?autoReconnect=true</value>
	    </property>
	    <property name="username">
	    	<value>${jpa.connection.username}</value>
	    </property>
	    <property name="password">
	    	<value>${jpa.connection.password}</value>
	    </property>
	</bean>
	
	<!-- <bean id="dataSource"
	    class="org.springframework.jndi.JndiObjectFactoryBean">
	    <property name="jndiName" value="java:comp/env/jdbc/FormBuilderDB"/>	    
	    <property name="resourceRef" value="true"/>
	</bean> -->

	<!--  Now declare the EntityManager bean -->
	<bean id="entityManagerFactory"
		class="org.springframework.orm.jpa.LocalContainerEntityManagerFactoryBean">
	    <property name="dataSource" ref="dataSource" />
	    <property name="jpaVendorAdapter">
	        <bean class="org.springframework.orm.jpa.vendor.HibernateJpaVendorAdapter">
	            <property name="database" value="POSTGRESQL" />
	            <property name="showSql">
			    	<value>${hibernate.showsql}</value>
			    </property>

	        </bean>
	    </property>
	</bean>

	<!--  Transaction manager -->
	<bean id="transactionManager"
	    class="org.springframework.orm.jpa.JpaTransactionManager">
        <property name="entityManagerFactory" ref="entityManagerFactory" />
    </bean>

	<tx:annotation-driven transaction-manager="transactionManager" />

	<bean id="mailSender" class="org.springframework.mail.javamail.JavaMailSenderImpl">
	</bean>
</beans>
